<?xml version="1.0" encoding="UTF-8"?>
<testng-results skipped="0" failed="0" ignored="0" total="2" passed="2">
  <reporter-output>
  </reporter-output>
  <suite name="Suite" duration-ms="94213" started-at="2020-09-21T11:35:47Z" finished-at="2020-09-21T11:37:21Z">
    <groups>
    </groups>
    <test name="Test" duration-ms="42013" started-at="2020-09-21T11:35:47Z" finished-at="2020-09-21T11:36:29Z">
      <class name="com.demo.LoginDemo">
        <test-method status="PASS" signature="setUp(java.lang.String)[pri:0, instance:com.demo.LoginDemo@74a10858]" name="setUp" is-config="true" duration-ms="13420" started-at="2020-09-21T11:35:47Z" finished-at="2020-09-21T11:36:00Z">
          <params>
            <param index="0">
              <value>
                <![CDATA[chrome]]>
              </value>
            </param>
          </params>
          <reporter-output>
          </reporter-output>
        </test-method> <!-- setUp -->
        <test-method status="PASS" signature="loginDemoTest()[pri:0, instance:com.demo.LoginDemo@74a10858]" name="loginDemoTest" duration-ms="28531" started-at="2020-09-21T11:36:00Z" finished-at="2020-09-21T11:36:29Z">
          <reporter-output>
          </reporter-output>
        </test-method> <!-- loginDemoTest -->
      </class> <!-- com.demo.LoginDemo -->
    </test> <!-- Test -->
    <test name="Firefox Test" duration-ms="52164" started-at="2020-09-21T11:36:29Z" finished-at="2020-09-21T11:37:21Z">
      <class name="com.demo.LoginDemo">
        <test-method status="PASS" signature="setUp(java.lang.String)[pri:0, instance:com.demo.LoginDemo@2eda0940]" name="setUp" is-config="true" duration-ms="22808" started-at="2020-09-21T11:36:29Z" finished-at="2020-09-21T11:36:51Z">
          <params>
            <param index="0">
              <value>
                <![CDATA[firefox]]>
              </value>
            </param>
          </params>
          <reporter-output>
          </reporter-output>
        </test-method> <!-- setUp -->
        <test-method status="PASS" signature="loginDemoTest()[pri:0, instance:com.demo.LoginDemo@2eda0940]" name="loginDemoTest" duration-ms="29340" started-at="2020-09-21T11:36:51Z" finished-at="2020-09-21T11:37:21Z">
          <reporter-output>
          </reporter-output>
        </test-method> <!-- loginDemoTest -->
      </class> <!-- com.demo.LoginDemo -->
    </test> <!-- Firefox Test -->
  </suite> <!-- Suite -->
</testng-results>
